<?xml version="1.0" encoding="UTF-8"?>
<!-- Generated by org.testng.reporters.JUnitReportReporter -->
<testsuite hostname="DESKTOP-HCMDDC7" failures="0" tests="1" name="TestPages.Switch_Accessibility_AnimationSettings" time="44.655" errors="0" timestamp="2023-09-18T19:13:04 BDT" skipped="0">
  <testcase classname="TestPages.Switch_Accessibility_AnimationSettings" name="AllSettingsSecenario6to12" time="44.655"/>
  <system-out/>
</testsuite> <!-- TestPages.Switch_Accessibility_AnimationSettings -->
