<?xml version="1.0" encoding="UTF-8"?>
<!-- Generated by org.testng.reporters.JUnitReportReporter -->
<testsuite hostname="DESKTOP-HCMDDC7" failures="0" tests="1" name="TestPages.PlugInInstallDirectoryPage" time="42.059" errors="0" timestamp="2023-09-18T19:13:04 BDT" skipped="0">
  <testcase classname="TestPages.PlugInInstallDirectoryPage" name="pluginInstall" time="42.059"/>
  <system-out/>
</testsuite> <!-- TestPages.PlugInInstallDirectoryPage -->
