<?xml version="1.0" encoding="UTF-8"?>
<!-- Generated by org.testng.reporters.JUnitReportReporter -->
<testsuite hostname="DESKTOP-HCMDDC7" failures="0" tests="1" name="TestPages.BackendDarkModeValidation" time="20.230" errors="0" timestamp="2023-09-18T19:13:04 BDT" skipped="0">
  <testcase classname="TestPages.BackendDarkModeValidation" name="DarkModeValidationBackEnd" time="20.230"/>
  <system-out/>
</testsuite> <!-- TestPages.BackendDarkModeValidation -->
