<?xml version="1.0" encoding="UTF-8"?>
<!-- Generated by org.testng.reporters.JUnitReportReporter -->
<testsuite hostname="DESKTOP-HCMDDC7" failures="0" tests="1" name="TestPages.ValidateDarkmodeAdminDashbord" time="23.455" errors="0" timestamp="2023-09-18T19:13:04 BDT" skipped="0">
  <testcase classname="TestPages.ValidateDarkmodeAdminDashbord" name="ValidateDarkModeDashbord" time="23.455"/>
  <system-out/>
</testsuite> <!-- TestPages.ValidateDarkmodeAdminDashbord -->
